mode: set
github.com/ErKiran/dockerhub-go/repositories.go:75.75,77.2 1 1
github.com/ErKiran/dockerhub-go/repositories.go:80.143,91.20 3 1
github.com/ErKiran/dockerhub-go/repositories.go:97.2,99.16 2 1
github.com/ErKiran/dockerhub-go/repositories.go:103.2,105.54 2 1
github.com/ErKiran/dockerhub-go/repositories.go:108.2,108.17 1 1
github.com/ErKiran/dockerhub-go/repositories.go:91.20,93.3 1 0
github.com/ErKiran/dockerhub-go/repositories.go:93.8,95.3 1 1
github.com/ErKiran/dockerhub-go/repositories.go:99.16,101.3 1 0
github.com/ErKiran/dockerhub-go/repositories.go:105.54,107.3 1 0
github.com/ErKiran/dockerhub-go/repositories.go:112.136,115.16 3 1
github.com/ErKiran/dockerhub-go/repositories.go:119.2,120.54 2 1
github.com/ErKiran/dockerhub-go/repositories.go:124.2,124.17 1 1
github.com/ErKiran/dockerhub-go/repositories.go:115.16,117.3 1 0
github.com/ErKiran/dockerhub-go/repositories.go:120.54,122.3 1 0
github.com/ErKiran/dockerhub-go/repositories.go:128.111,131.16 3 1
github.com/ErKiran/dockerhub-go/repositories.go:135.2,136.54 2 1
github.com/ErKiran/dockerhub-go/repositories.go:140.2,140.17 1 1
github.com/ErKiran/dockerhub-go/repositories.go:131.16,133.3 1 0
github.com/ErKiran/dockerhub-go/repositories.go:136.54,138.3 1 0
github.com/ErKiran/dockerhub-go/repositories.go:144.119,149.16 3 1
github.com/ErKiran/dockerhub-go/repositories.go:153.2,153.54 1 1
github.com/ErKiran/dockerhub-go/repositories.go:156.2,156.12 1 1
github.com/ErKiran/dockerhub-go/repositories.go:149.16,151.3 1 0
github.com/ErKiran/dockerhub-go/repositories.go:153.54,155.3 1 0
github.com/ErKiran/dockerhub-go/repositories.go:160.111,163.16 3 1
github.com/ErKiran/dockerhub-go/repositories.go:167.2,168.54 2 1
github.com/ErKiran/dockerhub-go/repositories.go:171.2,171.17 1 1
github.com/ErKiran/dockerhub-go/repositories.go:163.16,165.3 1 0
github.com/ErKiran/dockerhub-go/repositories.go:168.54,170.3 1 0
github.com/ErKiran/dockerhub-go/tag.go:46.100,50.16 3 0
github.com/ErKiran/dockerhub-go/tag.go:54.2,55.54 2 0
github.com/ErKiran/dockerhub-go/tag.go:58.2,58.17 1 0
github.com/ErKiran/dockerhub-go/tag.go:50.16,52.3 1 0
github.com/ErKiran/dockerhub-go/tag.go:55.54,57.3 1 0
github.com/ErKiran/dockerhub-go/auth.go:28.83,31.16 3 1
github.com/ErKiran/dockerhub-go/auth.go:35.2,36.54 2 1
github.com/ErKiran/dockerhub-go/auth.go:40.2,40.25 1 1
github.com/ErKiran/dockerhub-go/auth.go:44.2,45.12 2 1
github.com/ErKiran/dockerhub-go/auth.go:31.16,33.3 1 0
github.com/ErKiran/dockerhub-go/auth.go:36.54,38.3 1 0
github.com/ErKiran/dockerhub-go/auth.go:40.25,42.3 1 1
github.com/ErKiran/dockerhub-go/organization.go:49.124,58.16 4 1
github.com/ErKiran/dockerhub-go/organization.go:62.2,64.54 2 1
github.com/ErKiran/dockerhub-go/organization.go:67.2,67.17 1 1
github.com/ErKiran/dockerhub-go/organization.go:58.16,60.3 1 0
github.com/ErKiran/dockerhub-go/organization.go:64.54,66.3 1 0
github.com/ErKiran/dockerhub-go/organization.go:71.110,74.16 3 1
github.com/ErKiran/dockerhub-go/organization.go:78.2,79.54 2 1
github.com/ErKiran/dockerhub-go/organization.go:82.2,82.17 1 1
github.com/ErKiran/dockerhub-go/organization.go:74.16,76.3 1 0
github.com/ErKiran/dockerhub-go/organization.go:79.54,81.3 1 0
github.com/ErKiran/dockerhub-go/user.go:26.75,30.16 3 1
github.com/ErKiran/dockerhub-go/user.go:34.2,36.54 2 1
github.com/ErKiran/dockerhub-go/user.go:40.2,40.17 1 1
github.com/ErKiran/dockerhub-go/user.go:30.16,32.3 1 0
github.com/ErKiran/dockerhub-go/user.go:36.54,38.3 1 0
github.com/ErKiran/dockerhub-go/util.go:4.31,6.2 1 1
github.com/ErKiran/dockerhub-go/util.go:9.36,10.14 1 0
github.com/ErKiran/dockerhub-go/util.go:13.2,13.11 1 0
github.com/ErKiran/dockerhub-go/util.go:10.14,12.3 1 0
github.com/ErKiran/dockerhub-go/webhook.go:61.73,63.2 1 1
github.com/ErKiran/dockerhub-go/webhook.go:64.122,80.16 5 1
github.com/ErKiran/dockerhub-go/webhook.go:84.2,86.54 2 1
github.com/ErKiran/dockerhub-go/webhook.go:89.2,89.17 1 1
github.com/ErKiran/dockerhub-go/webhook.go:80.16,82.3 1 0
github.com/ErKiran/dockerhub-go/webhook.go:86.54,88.3 1 0
github.com/ErKiran/dockerhub-go/webhook.go:92.109,97.16 3 1
github.com/ErKiran/dockerhub-go/webhook.go:100.2,102.54 2 1
github.com/ErKiran/dockerhub-go/webhook.go:105.2,105.17 1 1
github.com/ErKiran/dockerhub-go/webhook.go:97.16,99.3 1 0
github.com/ErKiran/dockerhub-go/webhook.go:102.54,104.3 1 0
github.com/ErKiran/dockerhub-go/webhook.go:108.97,115.16 4 0
github.com/ErKiran/dockerhub-go/webhook.go:118.2,118.54 1 0
github.com/ErKiran/dockerhub-go/webhook.go:121.2,121.12 1 0
github.com/ErKiran/dockerhub-go/webhook.go:115.16,117.3 1 0
github.com/ErKiran/dockerhub-go/webhook.go:118.54,120.3 1 0
github.com/ErKiran/dockerhub-go/dockerhub.go:39.49,40.23 1 1
github.com/ErKiran/dockerhub-go/dockerhub.go:44.2,58.10 10 1
github.com/ErKiran/dockerhub-go/dockerhub.go:40.23,42.3 1 1
github.com/ErKiran/dockerhub-go/dockerhub.go:67.45,69.2 1 1
github.com/ErKiran/dockerhub-go/dockerhub.go:73.100,77.16 3 1
github.com/ErKiran/dockerhub-go/dockerhub.go:86.2,88.44 2 1
github.com/ErKiran/dockerhub-go/dockerhub.go:92.2,92.78 1 1
github.com/ErKiran/dockerhub-go/dockerhub.go:95.2,95.18 1 1
github.com/ErKiran/dockerhub-go/dockerhub.go:77.16,78.10 1 0
github.com/ErKiran/dockerhub-go/dockerhub.go:84.3,84.18 1 0
github.com/ErKiran/dockerhub-go/dockerhub.go:79.21,80.25 1 0
github.com/ErKiran/dockerhub-go/dockerhub.go:81.11,81.11 0 0
github.com/ErKiran/dockerhub-go/dockerhub.go:88.44,90.3 1 0
github.com/ErKiran/dockerhub-go/dockerhub.go:92.78,94.3 1 0
github.com/ErKiran/dockerhub-go/dockerhub.go:100.90,102.16 2 1
github.com/ErKiran/dockerhub-go/dockerhub.go:106.2,107.17 2 1
github.com/ErKiran/dockerhub-go/dockerhub.go:116.2,117.16 2 1
github.com/ErKiran/dockerhub-go/dockerhub.go:121.2,121.27 1 1
github.com/ErKiran/dockerhub-go/dockerhub.go:125.2,125.17 1 1
github.com/ErKiran/dockerhub-go/dockerhub.go:129.2,130.17 2 1
github.com/ErKiran/dockerhub-go/dockerhub.go:102.16,104.3 1 0
github.com/ErKiran/dockerhub-go/dockerhub.go:107.17,111.42 4 1
github.com/ErKiran/dockerhub-go/dockerhub.go:111.42,113.4 1 0
github.com/ErKiran/dockerhub-go/dockerhub.go:117.16,119.3 1 0
github.com/ErKiran/dockerhub-go/dockerhub.go:121.27,123.3 1 0
github.com/ErKiran/dockerhub-go/dockerhub.go:125.17,127.3 1 1
github.com/ErKiran/dockerhub-go/http.go:10.44,12.36 2 1
github.com/ErKiran/dockerhub-go/http.go:16.2,16.60 1 0
github.com/ErKiran/dockerhub-go/http.go:12.36,14.3 1 1
